[2019-04-11 11:55:26] START
[2019-04-11 11:55:50] CREATE shots.py: 0
[2019-04-11 12:03:42] EDIT app/controllers/shots.py: 1
[2019-04-11 12:03:47] EDIT app/controllers/shots.py: 0
[2019-04-11 14:29:23] EDIT app/controllers/shots.py: 0
[2019-04-11 14:31:27] CREATE shots/status.html: 0
[2019-04-11 14:45:11] EDIT app/controllers/shots.py: 11
[2019-04-11 14:46:55] CREATE display_form.html: 0
[2019-04-11 14:49:32] DELETE app/views/display_form.html: -3
[2019-04-11 14:50:20] CREATE shots/display_form.html: 0
[2019-04-11 14:58:21] EDIT app/views/shots/display_form.html: 5
[2019-04-11 15:01:25] EDIT app/views/shots/display_form.html: -6
[2019-04-11 15:43:01] EDIT app/views/shots/display_form.html: 1
[2019-04-11 15:43:35] EDIT app/views/shots/display_form.html: -1
[2019-04-11 15:57:17] EDIT app/controllers/shots.py: 3
[2019-04-11 15:59:25] EDIT app/controllers/shots.py: 0
[2019-04-11 17:09:41] EDIT app/controllers/shots.py: 2
[2019-04-11 17:11:10] EDIT app/controllers/shots.py: 1
[2019-04-11 17:11:51] EDIT app/controllers/shots.py: 0
[2019-04-11 17:12:42] EDIT app/models/db.py: 10
[2019-04-11 17:12:47] EDIT app/controllers/shots.py: 0
[2019-04-11 17:15:00] EDIT app/models/db.py: 0
[2019-04-11 17:19:04] EDIT app/models/db.py: 1
[2019-04-11 17:20:04] EDIT app/models/db.py: -1
[2019-04-11 17:21:52] EDIT app/models/db.py: 0
[2019-04-11 17:22:40] EDIT app/models/db.py: 0
[2019-04-11 17:23:12] EDIT app/models/db.py: 0
[2019-04-11 17:23:59] EDIT app/models/db.py: 0
[2019-04-11 17:32:40] EDIT app/models/db.py: 0
[2019-04-11 17:35:10] EDIT app/models/db.py: 0
[2019-04-11 17:38:37] EDIT app/models/db.py: 0
[2019-04-11 17:44:19] EDIT app/models/db.py: 0
[2019-04-11 17:45:23] EDIT app/models/db.py: 0
[2019-04-11 17:46:30] EDIT app/models/db.py: 0
[2019-04-11 17:47:28] EDIT app/models/db.py: 0
[2019-04-11 17:49:02] EDIT app/models/db.py: 0
[2019-04-12 00:00:07] EDIT app/models/db.py: 0
[2019-04-12 00:00:35] EDIT app/models/db.py: 0
[2019-04-12 00:15:14] EDIT app/models/db.py: 0
[2019-04-12 00:15:37] EDIT app/models/db.py: 0
[2019-04-12 00:21:32] EDIT app/models/db.py: 0
[2019-04-12 00:22:10] EDIT app/models/db.py: 0
[2019-04-12 00:28:48] EDIT app/models/db.py: 0
[2019-04-12 00:41:14] EDIT app/controllers/shots.py: -2
[2019-04-12 00:42:55] EDIT app/controllers/shots.py: 0
[2019-04-12 00:57:24] EDIT app/controllers/shots.py: 2
[2019-04-12 00:58:00] EDIT app/controllers/shots.py: 0
[2019-04-12 00:59:09] EDIT app/controllers/shots.py: 0
[2019-04-12 01:00:49] EDIT app/controllers/shots.py: 0
[2019-04-12 01:04:06] EDIT app/controllers/shots.py: -2
[2019-04-12 01:20:04] EDIT app/controllers/shots.py: -14
[2019-04-12 01:21:15] EDIT app/views/shots/status.html: 0
[2019-04-12 01:21:34] EDIT app/views/shots/status.html: 0
[2019-04-12 01:21:50] EDIT app/views/shots/status.html: 0
[2019-04-12 01:22:38] EDIT app/views/shots/status.html: 0
[2019-04-12 01:22:45] EDIT app/controllers/shots.py: 0
[2019-04-12 01:23:27] EDIT app/controllers/shots.py: 2
[2019-04-12 01:23:31] EDIT app/views/shots/status.html: 0
[2019-04-12 01:25:35] EDIT app/controllers/shots.py: -2
[2019-04-12 01:25:58] EDIT app/views/shots/status.html: 0
[2019-04-12 01:26:16] EDIT app/views/shots/status.html: 0
[2019-04-12 01:26:36] EDIT app/views/shots/status.html: 0
[2019-04-12 01:27:07] EDIT app/views/shots/status.html: 0
[2019-04-12 01:27:26] EDIT app/controllers/shots.py: 2
[2019-04-12 01:28:54] EDIT app/controllers/shots.py: 3
[2019-04-12 01:29:02] EDIT app/controllers/shots.py: 0
[2019-04-12 01:29:08] EDIT app/views/shots/status.html: 0
[2019-04-12 01:30:21] EDIT app/controllers/shots.py: 1
[2019-04-12 01:30:31] EDIT app/controllers/shots.py: 0
[2019-04-12 01:31:20] EDIT app/controllers/shots.py: 0
[2019-04-12 01:31:44] EDIT app/controllers/shots.py: 0
[2019-04-12 01:32:11] EDIT app/controllers/shots.py: 0
[2019-04-12 01:33:07] EDIT app/controllers/shots.py: 0
[2019-04-12 01:33:35] EDIT app/controllers/shots.py: 0
[2019-04-12 01:34:03] EDIT app/views/shots/status.html: 1
[2019-04-12 01:38:38] EDIT app/views/shots/status.html: 8
[2019-04-12 01:42:18] EDIT app/controllers/shots.py: 0
[2019-04-12 01:42:27] EDIT app/views/shots/status.html: 0
[2019-04-12 01:45:12] EDIT app/controllers/shots.py: 0
[2019-04-12 01:46:33] EDIT app/controllers/shots.py: 0
[2019-04-12 01:51:31] EDIT app/controllers/shots.py: 0
[2019-04-12 01:51:59] EDIT app/controllers/shots.py: 0
[2019-04-12 02:54:24] EDIT app/controllers/shots.py: -1
[2019-04-12 02:55:05] EDIT app/views/shots/status.html: 0
[2019-04-12 02:55:17] EDIT app/views/shots/status.html: -1
[2019-04-12 02:56:35] EDIT app/controllers/shots.py: 1
[2019-04-12 03:11:29] EDIT app/controllers/shots.py: 1
[2019-04-12 03:32:52] EDIT app/controllers/shots.py: 1
[2019-04-12 03:33:09] EDIT app/views/shots/status.html: 1
[2019-04-12 03:33:40] EDIT app/controllers/shots.py: 0
[2019-04-12 03:35:57] EDIT app/controllers/shots.py: 0
[2019-04-12 03:36:15] EDIT app/controllers/shots.py: 0
[2019-04-12 03:37:30] EDIT app/controllers/shots.py: 0
[2019-04-12 03:38:33] EDIT app/controllers/shots.py: 0
[2019-04-12 03:39:53] EDIT app/controllers/shots.py: 0
[2019-04-12 03:40:27] EDIT app/controllers/shots.py: 0
[2019-04-12 03:40:53] EDIT app/controllers/shots.py: 0
[2019-04-12 03:42:51] EDIT app/controllers/shots.py: 0
[2019-04-12 03:43:17] EDIT app/controllers/shots.py: 0
[2019-04-12 03:44:04] EDIT app/controllers/shots.py: 0
[2019-04-12 03:45:07] EDIT app/controllers/shots.py: 0
[2019-04-12 03:45:21] EDIT app/controllers/shots.py: 0
[2019-04-12 03:46:57] EDIT app/controllers/shots.py: 1
[2019-04-12 03:47:30] EDIT app/controllers/shots.py: 0
[2019-04-12 03:47:52] EDIT app/controllers/shots.py: -1
[2019-04-12 03:48:38] EDIT app/controllers/shots.py: 1
[2019-04-12 14:41:54] EDIT app/controllers/shots.py: 7
[2019-04-12 14:42:05] EDIT app/views/shots/status.html: 0
[2019-04-12 14:42:36] EDIT app/controllers/shots.py: 0
[2019-04-12 14:43:20] EDIT app/models/db.py: 0
[2019-04-12 14:45:25] EDIT app/views/shots/status.html: 0
[2019-04-12 14:46:13] EDIT app/views/shots/status.html: 0
[2019-04-12 14:46:34] EDIT app/views/shots/status.html: 0
[2019-04-12 14:46:52] EDIT app/views/shots/status.html: 0
[2019-04-12 14:48:25] EDIT app/views/shots/status.html: 1
[2019-04-12 14:52:48] EDIT app/controllers/shots.py: -1
[2019-04-12 14:54:26] EDIT app/controllers/shots.py: 0
[2019-04-12 14:55:11] EDIT app/views/shots/status.html: 0
[2019-04-12 14:55:29] EDIT app/views/shots/status.html: 0
[2019-04-12 14:58:49] EDIT app/views/shots/status.html: 0
[2019-04-12 14:59:25] EDIT app/views/shots/status.html: 0
[2019-04-12 14:59:47] EDIT app/views/shots/status.html: 0
[2019-04-12 15:01:40] EDIT app/views/shots/status.html: 0
[2019-04-12 15:02:53] EDIT app/views/shots/status.html: 0
[2019-04-12 15:04:05] EDIT app/views/shots/status.html: -2
[2019-04-12 16:48:20] EDIT app/controllers/shots.py: -6
[2019-04-12 16:48:45] EDIT app/views/shots/status.html: -9
[2019-04-12 16:55:27] EDIT app/controllers/shots.py: 0
[2019-04-12 17:07:38] EDIT app/controllers/shots.py: 0
[2019-04-12 17:09:56] EDIT app/controllers/shots.py: 0
[2019-04-12 17:17:04] EDIT app/controllers/shots.py: 5
[2019-04-12 17:17:31] EDIT app/controllers/shots.py: 1
[2019-04-12 17:17:51] EDIT app/controllers/shots.py: 1
[2019-04-12 17:18:05] EDIT app/controllers/shots.py: 0
[2019-04-12 17:52:05] EDIT app/controllers/shots.py: 0
[2019-04-12 17:52:17] EDIT app/controllers/shots.py: 0
[2019-04-12 17:52:35] EDIT app/controllers/shots.py: 1
[2019-04-12 17:52:46] EDIT app/controllers/shots.py: 0
[2019-04-12 17:53:32] EDIT app/controllers/shots.py: 1
[2019-04-12 17:57:26] EDIT app/controllers/shots.py: 2
[2019-04-12 17:59:22] EDIT app/controllers/shots.py: -1
[2019-04-12 18:00:01] EDIT app/views/shots/display_form.html: 0
[2019-04-12 18:03:19] EDIT app/controllers/shots.py: 1
[2019-04-12 18:15:21] EDIT app/controllers/shots.py: 0
[2019-04-12 18:16:48] EDIT app/controllers/shots.py: 1
[2019-04-12 18:18:42] EDIT app/controllers/shots.py: 0
[2019-04-12 18:19:10] EDIT app/views/shots/display_form.html: 1
[2019-04-12 18:20:10] EDIT app/controllers/shots.py: 0
[2019-04-12 18:21:20] EDIT app/controllers/shots.py: 0
[2019-04-12 18:23:10] EDIT app/controllers/shots.py: 0
[2019-04-12 18:24:05] EDIT app/controllers/shots.py: 0
[2019-04-12 18:24:22] EDIT app/controllers/shots.py: 0
[2019-04-12 18:24:54] EDIT app/controllers/shots.py: 0
[2019-04-12 18:27:53] EDIT app/controllers/shots.py: 0
[2019-04-12 18:28:23] EDIT app/controllers/shots.py: -7
[2019-04-12 18:29:46] EDIT app/controllers/shots.py: 7
[2019-04-12 18:34:18] EDIT app/controllers/shots.py: 1
[2019-04-12 18:35:27] EDIT app/controllers/shots.py: 0
[2019-04-12 18:36:35] EDIT app/controllers/shots.py: 0
[2019-04-12 18:37:24] EDIT app/controllers/shots.py: 0
[2019-04-12 19:06:58] EDIT app/views/shots/display_form.html: -1
[2019-04-12 19:08:23] EDIT app/controllers/shots.py: -1
[2019-04-12 19:16:41] EDIT app/controllers/shots.py: 4
[2019-04-12 19:17:39] EDIT app/controllers/shots.py: 0
[2019-04-12 19:20:28] EDIT app/controllers/shots.py: 1
[2019-04-12 19:20:51] EDIT app/views/shots/display_form.html: 1
[2019-04-12 19:21:42] EDIT app/controllers/shots.py: 0
[2019-04-12 19:22:18] EDIT app/controllers/shots.py: 0
[2019-04-12 19:40:56] EDIT app/controllers/shots.py: 0
[2019-04-12 19:43:03] EDIT app/controllers/shots.py: 0
[2019-04-12 19:44:24] EDIT app/controllers/shots.py: 0
[2019-04-12 19:46:27] EDIT app/views/shots/display_form.html: -1
[2019-04-12 19:46:30] EDIT app/controllers/shots.py: -1
[2019-04-12 20:03:16] EDIT app/controllers/shots.py: -8
[2019-04-12 20:04:15] EDIT app/controllers/shots.py: 0
[2019-04-12 20:04:37] EDIT app/views/shots/status.html: 5
[2019-04-12 20:05:46] EDIT app/views/shots/status.html: 0
[2019-04-12 20:06:46] EDIT app/views/shots/status.html: 1
[2019-04-12 20:07:30] EDIT app/views/shots/status.html: 0
[2019-04-12 20:07:56] EDIT app/views/shots/status.html: 0
[2019-04-12 20:08:23] EDIT app/views/shots/status.html: 0
[2019-04-12 20:15:20] EDIT app/views/shots/status.html: 0
[2019-04-12 20:16:12] EDIT app/views/shots/status.html: -1
[2019-04-12 20:16:27] EDIT app/views/shots/status.html: 1
[2019-04-12 20:17:10] EDIT app/controllers/shots.py: 1
[2019-04-12 20:17:13] EDIT app/views/shots/status.html: 3
[2019-04-12 20:18:05] EDIT app/views/shots/status.html: 2
[2019-04-12 20:18:52] EDIT app/views/shots/status.html: 2
[2019-04-12 20:19:36] EDIT app/views/shots/status.html: 1
[2019-04-12 20:20:36] EDIT app/views/shots/status.html: 0
[2019-04-12 20:21:26] EDIT app/views/shots/status.html: 0
[2019-04-12 20:22:18] EDIT app/views/shots/status.html: -7
[2019-04-12 20:24:22] EDIT app/views/shots/status.html: 0
[2019-04-12 20:24:51] EDIT app/views/shots/status.html: 0
[2019-04-12 20:25:57] EDIT app/views/shots/status.html: 0
[2019-04-12 20:25:59] EDIT app/views/shots/status.html: 0
[2019-04-12 20:26:27] EDIT app/views/shots/status.html: 0
[2019-04-12 20:26:59] EDIT app/views/shots/status.html: 0
[2019-04-12 20:27:19] EDIT app/views/shots/status.html: 0
[2019-04-12 20:27:35] EDIT app/views/shots/status.html: 0
[2019-04-12 20:29:38] EDIT app/views/shots/status.html: 0
[2019-04-12 20:29:59] EDIT app/views/shots/status.html: 0
[2019-04-12 20:30:03] EDIT app/views/shots/status.html: 0
[2019-04-12 20:30:37] EDIT app/views/shots/status.html: 0
[2019-04-12 20:31:25] EDIT app/views/shots/status.html: 0
[2019-04-12 20:32:58] EDIT app/views/shots/status.html: 1
[2019-04-12 20:33:20] EDIT app/views/shots/status.html: -1
[2019-04-12 20:34:50] EDIT app/controllers/shots.py: 1
[2019-04-12 20:36:08] EDIT app/controllers/shots.py: 0
[2019-04-12 20:52:01] EDIT app/models/db.py: 5
[2019-04-12 20:53:48] EDIT app/controllers/shots.py: -1
[2019-04-12 20:58:42] EDIT app/controllers/shots.py: 4
[2019-04-12 21:01:50] EDIT app/views/shots/status.html: 0
[2019-04-12 21:02:20] EDIT app/controllers/shots.py: 0
[2019-04-12 21:08:21] EDIT app/controllers/shots.py: 0
[2019-04-12 21:09:07] EDIT app/controllers/shots.py: 0
[2019-04-12 21:17:15] EDIT app/controllers/shots.py: 1
[2019-04-12 21:17:45] EDIT app/views/shots/status.html: 0
[2019-04-12 21:24:15] EDIT app/controllers/shots.py: 0
[2019-04-12 21:24:34] EDIT app/controllers/shots.py: -1
[2019-04-12 21:25:05] EDIT app/controllers/shots.py: 1
[2019-04-12 21:29:37] EDIT app/controllers/shots.py: 0
[2019-04-12 21:29:51] EDIT app/controllers/shots.py: 0
[2019-04-12 21:30:08] EDIT app/controllers/shots.py: 0
[2019-04-12 21:31:39] EDIT app/controllers/shots.py: 0
[2019-04-12 21:32:02] EDIT app/controllers/shots.py: 0
[2019-04-12 21:33:08] EDIT app/controllers/shots.py: 0
[2019-04-12 21:41:59] EDIT app/controllers/shots.py: 0
[2019-04-12 21:45:51] EDIT app/controllers/shots.py: 0
[2019-04-12 21:47:54] EDIT app/controllers/shots.py: 0
[2019-04-12 21:50:07] EDIT app/controllers/shots.py: 0
[2019-04-12 21:55:01] EDIT app/controllers/shots.py: 0
[2019-04-12 21:55:46] EDIT app/controllers/shots.py: 0
[2019-04-12 21:56:14] EDIT app/controllers/shots.py: -1
[2019-04-12 21:57:23] EDIT app/controllers/shots.py: 0
[2019-04-12 21:57:50] EDIT app/views/shots/status.html: 0
[2019-04-12 21:58:21] EDIT app/views/shots/status.html: 0
[2019-04-12 21:58:36] EDIT app/controllers/shots.py: 1
[2019-04-12 21:59:21] EDIT app/controllers/shots.py: 0
[2019-04-12 22:00:12] EDIT app/views/shots/status.html: 3
[2019-04-12 22:00:48] EDIT app/views/shots/status.html: 0
[2019-04-12 22:02:08] EDIT app/controllers/shots.py: 0
[2019-04-12 22:02:57] EDIT app/controllers/shots.py: 0
[2019-04-12 22:03:37] EDIT app/controllers/shots.py: 0
[2019-04-12 22:11:10] EDIT app/controllers/shots.py: 0
[2019-04-12 22:11:48] EDIT app/controllers/shots.py: 0
[2019-04-12 22:15:50] EDIT app/controllers/shots.py: 0
[2019-04-12 22:16:50] EDIT app/controllers/shots.py: 0
[2019-04-12 22:17:41] EDIT app/controllers/shots.py: 0
[2019-04-12 22:19:35] EDIT app/controllers/shots.py: 0
[2019-04-12 22:23:51] EDIT app/controllers/shots.py: 1
[2019-04-12 22:29:36] EDIT app/models/db.py: 0
[2019-04-12 22:30:40] EDIT app/views/shots/status.html: 0
[2019-04-12 22:30:44] EDIT app/models/db.py: 0
[2019-04-12 22:33:07] EDIT app/views/shots/status.html: 0
[2019-04-12 22:38:09] EDIT app/models/db.py: 0
[2019-04-12 22:40:28] EDIT app/controllers/shots.py: 0
[2019-04-12 22:42:02] EDIT app/controllers/shots.py: 3
[2019-04-12 22:42:59] EDIT app/controllers/shots.py: 0
[2019-04-12 22:43:47] EDIT app/controllers/shots.py: 0
[2019-04-12 22:44:33] EDIT app/views/shots/status.html: 0
[2019-04-12 22:45:45] EDIT app/views/shots/status.html: 0
[2019-04-12 22:46:05] EDIT app/controllers/shots.py: 0
[2019-04-12 22:47:21] EDIT app/views/shots/status.html: 0
[2019-04-12 22:47:47] EDIT app/views/shots/status.html: 0
[2019-04-12 22:48:56] EDIT app/views/shots/status.html: 0
[2019-04-12 22:49:00] EDIT app/controllers/shots.py: 0
[2019-04-12 22:49:58] EDIT app/controllers/shots.py: 0
[2019-04-12 22:50:14] EDIT app/controllers/shots.py: 0
[2019-04-12 22:50:27] EDIT app/controllers/shots.py: 0
[2019-04-12 22:51:03] EDIT app/controllers/shots.py: 0
[2019-04-12 22:51:23] EDIT app/views/shots/status.html: 0
[2019-04-12 22:51:53] EDIT app/views/shots/status.html: 0
[2019-04-12 22:52:26] EDIT app/views/shots/status.html: -3
[2019-04-12 22:53:49] EDIT app/views/shots/status.html: 0
[2019-04-12 22:55:44] EDIT app/views/shots/status.html: 0
[2019-04-12 22:56:22] EDIT app/views/shots/status.html: 0
[2019-04-12 22:57:16] EDIT app/views/shots/status.html: 0
[2019-04-12 23:05:58] EDIT app/views/shots/status.html: 0
[2019-04-12 23:06:35] EDIT app/controllers/shots.py: 1
[2019-04-12 23:07:14] EDIT app/views/shots/status.html: 0
[2019-04-12 23:07:54] EDIT app/views/shots/status.html: 0
[2019-04-12 23:15:08] EDIT app/views/shots/status.html: 0
[2019-04-12 23:15:31] EDIT app/views/shots/status.html: 0
[2019-04-12 23:17:34] EDIT app/views/shots/status.html: 2
[2019-04-12 23:17:53] EDIT app/views/shots/status.html: 0
[2019-04-12 23:18:51] EDIT app/views/shots/status.html: 0
[2019-04-12 23:18:57] EDIT app/views/shots/status.html: 0
[2019-04-12 23:24:59] EDIT app/views/shots/status.html: 0
[2019-04-12 23:30:30] EDIT app/views/shots/status.html: -1
[2019-04-12 23:30:56] EDIT app/views/shots/status.html: -1
[2019-04-12 23:31:17] EDIT app/views/shots/status.html: 0
[2019-04-12 23:31:40] EDIT app/controllers/shots.py: 0
[2019-04-12 23:32:00] EDIT app/views/shots/status.html: 0
[2019-04-12 23:32:34] EDIT app/views/shots/status.html: 0
[2019-04-12 23:33:26] EDIT app/views/shots/status.html: 0
[2019-04-12 23:35:12] EDIT app/controllers/shots.py: 1
[2019-04-12 23:35:45] EDIT app/views/shots/status.html: 0
[2019-04-12 23:38:01] EDIT app/views/shots/status.html: 0
[2019-04-12 23:38:16] EDIT app/views/shots/status.html: 0
[2019-04-12 23:38:28] EDIT app/views/shots/status.html: 0
[2019-04-12 23:38:48] EDIT app/views/shots/status.html: 0
[2019-04-12 23:39:09] EDIT app/views/shots/status.html: 0
[2019-04-12 23:43:39] EDIT app/views/shots/status.html: 0
[2019-04-12 23:43:58] EDIT app/views/shots/status.html: 0
[2019-04-12 23:44:10] EDIT app/views/shots/status.html: 0
[2019-04-12 23:47:49] EDIT app/controllers/shots.py: 0
[2019-04-12 23:48:06] EDIT app/views/shots/status.html: 0
[2019-04-12 23:51:47] EDIT app/controllers/shots.py: 5
[2019-04-12 23:52:52] EDIT app/views/shots/status.html: 0
[2019-04-12 23:53:56] EDIT app/views/shots/status.html: 1
[2019-04-12 23:54:28] EDIT app/views/shots/status.html: 0
[2019-04-12 23:55:15] EDIT app/views/shots/status.html: 0
[2019-04-12 23:56:31] EDIT app/controllers/shots.py: -1
[2019-04-12 23:57:44] EDIT app/controllers/shots.py: 0
[2019-04-13 01:24:39] EDIT app/views/shots/status.html: 3
[2019-04-13 01:26:32] EDIT app/views/shots/status.html: -3
[2019-04-13 01:29:00] EDIT app/views/shots/status.html: -1
[2019-04-13 01:29:57] EDIT app/controllers/shots.py: 0
[2019-04-13 01:30:49] EDIT app/controllers/shots.py: 0
[2019-04-13 01:32:26] EDIT app/controllers/shots.py: 1
[2019-04-13 01:35:36] EDIT app/controllers/shots.py: 0
[2019-04-13 01:37:22] EDIT app/controllers/shots.py: -1
[2019-04-13 01:38:37] EDIT app/controllers/shots.py: 0
[2019-04-13 01:39:00] EDIT app/controllers/shots.py: 0
[2019-04-13 01:39:15] EDIT app/controllers/shots.py: 0
[2019-04-13 01:39:29] EDIT app/controllers/shots.py: 0
[2019-04-13 01:40:05] EDIT app/controllers/shots.py: 1
[2019-04-13 01:41:22] EDIT app/controllers/shots.py: 0
[2019-04-13 01:41:35] EDIT app/controllers/shots.py: 0
[2019-04-13 01:42:20] EDIT app/controllers/shots.py: -1
[2019-04-13 01:43:40] EDIT app/views/shots/status.html: 0
[2019-04-13 01:49:58] EDIT app/controllers/shots.py: 1
[2019-04-13 01:51:32] EDIT app/views/shots/status.html: 1
[2019-04-13 01:58:11] EDIT app/views/shots/status.html: 1
[2019-04-13 01:59:07] EDIT app/views/shots/status.html: 0
[2019-04-13 01:59:35] EDIT app/views/shots/status.html: 0
[2019-04-13 02:00:22] EDIT app/views/shots/status.html: 0
[2019-04-13 02:01:20] EDIT app/views/shots/status.html: 0
[2019-04-13 02:03:18] EDIT app/views/shots/status.html: 0
[2019-04-13 02:13:42] EDIT app/controllers/shots.py: 0
[2019-04-13 02:14:50] EDIT app/views/shots/status.html: 0
[2019-04-13 02:15:44] EDIT app/views/shots/status.html: 2
[2019-04-13 02:17:04] EDIT app/views/shots/status.html: -2
[2019-04-13 02:18:12] EDIT app/views/shots/status.html: -1
[2019-04-13 02:18:42] EDIT app/views/shots/status.html: 1
[2019-04-13 02:19:32] EDIT app/views/shots/status.html: 0
[2019-04-13 02:22:16] EDIT app/views/shots/status.html: 0
[2019-04-13 02:25:48] EDIT app/views/shots/status.html: 2
[2019-04-13 02:26:31] EDIT app/views/shots/status.html: 0
[2019-04-13 02:28:39] EDIT app/views/shots/status.html: 0
[2019-04-13 02:29:26] EDIT app/views/shots/status.html: 0
[2019-04-13 02:30:20] EDIT app/views/shots/status.html: 0
[2019-04-13 02:31:02] EDIT app/views/shots/status.html: 0
[2019-04-13 02:31:32] EDIT app/views/shots/status.html: 0
[2019-04-13 02:31:56] EDIT app/views/shots/status.html: 0
[2019-04-13 02:32:43] EDIT app/views/shots/status.html: 0
[2019-04-13 02:33:04] EDIT app/views/shots/status.html: 0
[2019-04-13 02:36:40] EDIT app/views/shots/status.html: 0
[2019-04-13 02:44:52] EDIT app/views/shots/status.html: 5
[2019-04-13 02:45:05] EDIT app/views/shots/status.html: 0
[2019-04-13 02:45:23] EDIT app/views/shots/status.html: 0
[2019-04-13 02:46:33] EDIT app/views/shots/status.html: 0
[2019-04-13 02:47:11] EDIT app/views/shots/status.html: 0
[2019-04-13 02:49:01] EDIT app/views/shots/status.html: -1
[2019-04-13 02:53:08] EDIT app/views/shots/status.html: 6
[2019-04-13 02:54:04] EDIT app/views/shots/status.html: -6
[2019-04-13 02:55:19] EDIT app/views/shots/status.html: 0
[2019-04-13 02:55:39] EDIT app/views/shots/status.html: 0
[2019-04-13 02:56:01] EDIT app/views/shots/status.html: 0
[2019-04-13 02:56:16] EDIT app/views/shots/status.html: 0
[2019-04-13 02:56:29] EDIT app/views/shots/status.html: 0
[2019-04-13 02:57:13] EDIT app/views/shots/status.html: 0
[2019-04-13 02:57:40] EDIT app/views/shots/status.html: 0
[2019-04-13 02:58:05] EDIT app/views/shots/status.html: 0
[2019-04-13 02:58:20] EDIT app/views/shots/status.html: 0
[2019-04-13 02:58:42] EDIT app/views/shots/status.html: 0
[2019-04-13 02:58:56] EDIT app/views/shots/status.html: 0
[2019-04-13 02:59:17] EDIT app/views/shots/status.html: 0
[2019-04-13 03:05:25] EDIT app/controllers/shots.py: -7
[2019-04-13 03:06:11] DELETE app/views/shots/display_form.html: -2
